d:\work\dtmath\dtmathvs\dtmathvs\debug\vc141.pdb
d:\work\dtmath\dtmathvs\dtmathvs\debug\vc141.idb
d:\work\dtmath\dtmathvs\dtmathvs\debug\testprint.obj
d:\work\dtmath\dtmathvs\dtmathvs\debug\testorierr.obj
d:\work\dtmath\dtmathvs\dtmathvs\debug\testmpc.obj
d:\work\dtmath\dtmathvs\dtmathvs\debug\testmatrixinverse.obj
d:\work\dtmath\dtmathvs\dtmathvs\debug\testmatrix3.obj
d:\work\dtmath\dtmathvs\dtmathvs\debug\testmatrix.obj
d:\work\dtmath\dtmathvs\dtmathvs\debug\testgnuplot.obj
d:\work\dtmath\dtmathvs\dtmathvs\debug\testeulerangles.obj
d:\work\dtmath\dtmathvs\dtmathvs\debug\testdecomposition.obj
d:\work\dtmath\dtmathvs\dtmathvs\debug\testcontialgebraicriccatieq.obj
d:\work\dtmath\dtmathvs\dtmathvs\debug\testcompareclass.obj
d:\work\dtmath\dtmathvs\dtmathvs\debug\solver.obj
d:\work\dtmath\dtmathvs\dtmathvs\debug\settings.obj
d:\work\dtmath\dtmathvs\dtmathvs\debug\debug.obj
d:\work\dtmath\dtmathvs\dtmathvs\debug\data.obj
d:\work\dtmath\dtmathvs\dtmathvs\debug\main.obj
d:\work\dtmath\dtmathvs\dtmathvs\debug\dhterm.obj
d:\work\dtmath\dtmathvs\dtmathvs\debug\continuous_algebraic_riccati_equation.obj
d:\work\dtmath\dtmathvs\dtmathvs\debug\benchmarkqp.obj
d:\work\dtmath\dtmathvs\dtmathvs\debug\benchmarkmath.obj
d:\work\dtmath\dtmathvs\dtmathvs\debug\testvector6.obj
d:\work\dtmath\dtmathvs\dtmathvs\debug\testvector4.obj
d:\work\dtmath\dtmathvs\dtmathvs\debug\testvector3.obj
d:\work\dtmath\dtmathvs\dtmathvs\debug\testvector.obj
d:\work\dtmath\dtmathvs\dtmathvs\debug\testtransform.obj
d:\work\dtmath\dtmathvs\dtmathvs\debug\testrotation.obj
d:\work\dtmath\dtmathvs\dtmathvs\debug\testquaternion.obj
d:\work\dtmath\dtmathvs\dtmathvs\debug\testquadprog.obj
d:\work\dtmath\dtmathvs\debug\dtmathvs.exe
d:\work\dtmath\dtmathvs\debug\dtmathvs.ilk
d:\work\dtmath\dtmathvs\debug\dtmathvs.pdb
d:\work\dtmath\dtmathvs\dtmathvs\debug\dtmathvs.tlog\cl.read.1.tlog
d:\work\dtmath\dtmathvs\dtmathvs\debug\dtmathvs.tlog\cl.write.1.tlog
d:\work\dtmath\dtmathvs\dtmathvs\debug\dtmathvs.tlog\cl.command.1.tlog
d:\work\dtmath\dtmathvs\dtmathvs\debug\dtmathvs.tlog\link.read.1.tlog
d:\work\dtmath\dtmathvs\dtmathvs\debug\dtmathvs.tlog\link.write.1.tlog
d:\work\dtmath\dtmathvs\dtmathvs\debug\dtmathvs.tlog\link.command.1.tlog
